<?xml version="1.0" encoding="UTF-8"?>
<!-- Generated by org.testng.reporters.JUnitReportReporter -->
<testsuite hostname="Laptopp" failures="0" tests="2" name="com.ITlearn.testcases.LoginTest" time="0.015" errors="0" timestamp="2024-03-21T12:29:28 EDT" skipped="0">
  <testcase classname="com.ITlearn.testcases.LoginTest" name="verifyLogin" time="0.015"/>
  <testcase classname="com.ITlearn.testcases.LoginTest" name="verifyLogin" time="0.000"/>
</testsuite> <!-- com.ITlearn.testcases.LoginTest -->
