<?xml version="1.0" encoding="UTF-8"?>
<!-- Generated by org.testng.reporters.JUnitReportReporter -->
<testsuite hostname="Laptopp" failures="0" tests="2" name="com.ITlearn.testcases.LoginDataprovider$LoginDataProvider" time="7.069" errors="0" timestamp="2024-03-25T21:36:10 EDT" skipped="0">
  <testcase classname="com.ITlearn.testcases.LoginDataprovider$LoginDataProvider" name="verify" time="3.288"/>
  <testcase classname="com.ITlearn.testcases.LoginDataprovider$LoginDataProvider" name="verify" time="3.781"/>
</testsuite> <!-- com.ITlearn.testcases.LoginDataprovider$LoginDataProvider -->
