<?xml version="1.0" encoding="UTF-8"?>
<!-- Generated by org.testng.reporters.JUnitReportReporter -->
<testsuite hostname="Laptopp" failures="0" tests="1" name="com.ITlearn.testcases.SearchTest" time="14.329" errors="0" timestamp="2024-03-25T20:39:37 EDT" skipped="0">
  <testcase classname="com.ITlearn.testcases.SearchTest" name="searchCourseTesr" time="14.329"/>
</testsuite> <!-- com.ITlearn.testcases.SearchTest -->
