<?xml version="1.0" encoding="UTF-8"?>
<!-- Generated by org.testng.reporters.JUnitReportReporter -->
<testsuite hostname="Laptopp" failures="0" tests="1" name="com.ITlearn.testcases.SearchCourse" time="2.316" errors="0" timestamp="2024-03-14T12:29:10 EDT" skipped="0">
  <testcase classname="com.ITlearn.testcases.SearchCourse" name="searchCourseTesr" time="2.316"/>
</testsuite> <!-- com.ITlearn.testcases.SearchCourse -->
